********************************************************************************
DUPLICATOR-LITE PACKAGE-LOG: 2018-10-07 17:26
NOTICE: Do NOT post to public sites or forums 
********************************************************************************
VERSION:	1.2.48
WORDPRESS:	4.9.8
PHP INFO:	7.2.1 | SAPI: apache2handler
SERVER:		Apache/2.2.31 (Win32) DAV/2 mod_ssl/2.2.31 OpenSSL/1.0.2h mod_fcgid/2.3.9 mod_wsgi/3.4 Python/2.7.6 PHP/7.2.1 mod_perl/2.0.8 Perl/v5.16.3 
PHP TIME LIMIT: (0) no time limit imposed 
PHP MAX MEMORY: 2048M (128M default) 
MEMORY STACK: 6MB 

********************************************************************************
DATABASE:
********************************************************************************
BUILD MODE:   PHP(query limit - 100)
MYSQLTIMEOUT: 5000
MYSQLDUMP:    Not Supported 
TABLES: total:13 | filtered:0 | create:13 
FILTERED: [] 
SQL CREATED: 20181002_jensrottiers_c54241b5a29e8f1c2861_20181007172612_database.sql 
SQL FILE SIZE: 661.8KB (677680) 
SQL FILE TIME: 2018-10-07 17:26:18 
SQL RUNTIME: 0.39 sec. 

******************************************************************************** 
ARCHIVE (ZIP): 
******************************************************************************** 
ARCHIVE DIR:  D:/School/schooljaar_2018_2019/1ste_semester/CMS/wordpress_site/labo-week1-jensrott/wordpress 
ARCHIVE FILE: 20181002_jensrottiers_c54241b5a29e8f1c2861_20181007172612_archive.zip 
FILTERS: *OFF* 
DIRS:
	not set 
FILES:
	not set 
EXTS:  not set 
---------------------------------------- 
COMPRESSING 
SIZE:	46.17MB 
STATS:	Dirs 298 | Files 2,165 
SQL ADDED: 20181002_jensrottiers_c54241b5a29e8f1c2861_20181007172612_database.sql 
ZipArchive Object
(
    [status] => 0
    [statusSys] => 0
    [numFiles] => 2463
    [filename] => D:\School\schooljaar_2018_2019\1ste_semester\CMS\wordpress_site\labo-week1-jensrott\wordpress\wp-snapshots\tmp\20181002_jensrottiers_c54241b5a29e8f1c2861_20181007172612_archive.zip
    [comment] => 
)
 
COMPRESSION RESULT: '1' 
COMPRESSED SIZE: 15.17MB 
ARCHIVE RUNTIME: 20.29 sec. 
MEMORY STACK: 6MB 

******************************************************************************** 
MAKE INSTALLER: 
******************************************************************************** 
Build Start 
Build Finished 
Preparing for use 
PACK SIZE:  
Template parsed with new data 
Complete [D:/School/schooljaar_2018_2019/1ste_semester/CMS/wordpress_site/labo-week1-jensrott/wordpress/wp-snapshots/tmp/20181002_jensrottiers_c54241b5a29e8f1c2861_20181007172612_installer.php] 
Added to archive 

******************************************************************************** 
INTEGRITY CHECKS: 
******************************************************************************** 
SQL File: 661.8KB 
Installer File: 474.21KB 
Archive File: 15.17MB  

********************************************************************************
RECORD ID:[3]
TOTAL PROCESS RUNTIME: 30.41 sec.
PEAK PHP MEMORY USED: 8MB
DONE PROCESSING => 20181002_jensrottiers 2018-10-07 17:26
 
